<?xml version="1.0" encoding="UTF-8"?>
<testsuite xmlns:xsi="http://www.w3.org/2001/XMLSchema-instance" xsi:noNamespaceSchemaLocation="https://maven.apache.org/surefire/maven-surefire-plugin/xsd/surefire-test-report-3.0.xsd" version="3.0" name="com.chrisyoo.guest.GuestControllerTest" time="3.026" tests="1" errors="0" skipped="0" failures="0">
  <properties>
    <property name="java.specification.version" value="17"/>
    <property name="sun.jnu.encoding" value="UTF-8"/>
    <property name="java.class.path" value="/Users/ChrisYoo/Desktop/REFERENCE/SoftwareProjects/Portfolio/pp-microservices/backend/guest/target/test-classes:/Users/ChrisYoo/Desktop/REFERENCE/SoftwareProjects/Portfolio/pp-microservices/backend/guest/target/classes:/Users/ChrisYoo/.m2/repository/org/springframework/boot/spring-boot-starter-web/3.1.0/spring-boot-starter-web-3.1.0.jar:/Users/ChrisYoo/.m2/repository/org/springframework/boot/spring-boot-starter/3.1.0/spring-boot-starter-3.1.0.jar:/Users/ChrisYoo/.m2/repository/org/springframework/boot/spring-boot/3.1.0/spring-boot-3.1.0.jar:/Users/ChrisYoo/.m2/repository/org/springframework/boot/spring-boot-autoconfigure/3.1.0/spring-boot-autoconfigure-3.1.0.jar:/Users/ChrisYoo/.m2/repository/org/springframework/boot/spring-boot-starter-logging/3.1.0/spring-boot-starter-logging-3.1.0.jar:/Users/ChrisYoo/.m2/repository/ch/qos/logback/logback-classic/1.4.7/logback-classic-1.4.7.jar:/Users/ChrisYoo/.m2/repository/ch/qos/logback/logback-core/1.4.7/logback-core-1.4.7.jar:/Users/ChrisYoo/.m2/repository/org/apache/logging/log4j/log4j-to-slf4j/2.20.0/log4j-to-slf4j-2.20.0.jar:/Users/ChrisYoo/.m2/repository/org/apache/logging/log4j/log4j-api/2.20.0/log4j-api-2.20.0.jar:/Users/ChrisYoo/.m2/repository/org/slf4j/jul-to-slf4j/2.0.7/jul-to-slf4j-2.0.7.jar:/Users/ChrisYoo/.m2/repository/jakarta/annotation/jakarta.annotation-api/2.1.1/jakarta.annotation-api-2.1.1.jar:/Users/ChrisYoo/.m2/repository/org/yaml/snakeyaml/1.33/snakeyaml-1.33.jar:/Users/ChrisYoo/.m2/repository/org/springframework/boot/spring-boot-starter-json/3.1.0/spring-boot-starter-json-3.1.0.jar:/Users/ChrisYoo/.m2/repository/com/fasterxml/jackson/core/jackson-databind/2.15.0/jackson-databind-2.15.0.jar:/Users/ChrisYoo/.m2/repository/com/fasterxml/jackson/core/jackson-annotations/2.15.0/jackson-annotations-2.15.0.jar:/Users/ChrisYoo/.m2/repository/com/fasterxml/jackson/core/jackson-core/2.15.0/jackson-core-2.15.0.jar:/Users/ChrisYoo/.m2/repository/com/fasterxml/jackson/datatype/jackson-datatype-jdk8/2.15.0/jackson-datatype-jdk8-2.15.0.jar:/Users/ChrisYoo/.m2/repository/com/fasterxml/jackson/datatype/jackson-datatype-jsr310/2.15.0/jackson-datatype-jsr310-2.15.0.jar:/Users/ChrisYoo/.m2/repository/com/fasterxml/jackson/module/jackson-module-parameter-names/2.15.0/jackson-module-parameter-names-2.15.0.jar:/Users/ChrisYoo/.m2/repository/org/springframework/boot/spring-boot-starter-tomcat/3.1.0/spring-boot-starter-tomcat-3.1.0.jar:/Users/ChrisYoo/.m2/repository/org/apache/tomcat/embed/tomcat-embed-core/10.1.8/tomcat-embed-core-10.1.8.jar:/Users/ChrisYoo/.m2/repository/org/apache/tomcat/embed/tomcat-embed-el/10.1.8/tomcat-embed-el-10.1.8.jar:/Users/ChrisYoo/.m2/repository/org/apache/tomcat/embed/tomcat-embed-websocket/10.1.8/tomcat-embed-websocket-10.1.8.jar:/Users/ChrisYoo/.m2/repository/org/springframework/spring-web/6.0.9/spring-web-6.0.9.jar:/Users/ChrisYoo/.m2/repository/org/springframework/spring-beans/6.0.9/spring-beans-6.0.9.jar:/Users/ChrisYoo/.m2/repository/org/springframework/spring-webmvc/6.0.9/spring-webmvc-6.0.9.jar:/Users/ChrisYoo/.m2/repository/org/springframework/spring-aop/6.0.9/spring-aop-6.0.9.jar:/Users/ChrisYoo/.m2/repository/org/springframework/spring-expression/6.0.9/spring-expression-6.0.9.jar:/Users/ChrisYoo/.m2/repository/org/springframework/boot/spring-boot-starter-data-jpa/3.1.0/spring-boot-starter-data-jpa-3.1.0.jar:/Users/ChrisYoo/.m2/repository/org/springframework/boot/spring-boot-starter-aop/3.1.0/spring-boot-starter-aop-3.1.0.jar:/Users/ChrisYoo/.m2/repository/org/aspectj/aspectjweaver/1.9.19/aspectjweaver-1.9.19.jar:/Users/ChrisYoo/.m2/repository/org/springframework/boot/spring-boot-starter-jdbc/3.1.0/spring-boot-starter-jdbc-3.1.0.jar:/Users/ChrisYoo/.m2/repository/com/zaxxer/HikariCP/5.0.1/HikariCP-5.0.1.jar:/Users/ChrisYoo/.m2/repository/org/springframework/spring-jdbc/6.0.9/spring-jdbc-6.0.9.jar:/Users/ChrisYoo/.m2/repository/org/hibernate/orm/hibernate-core/6.2.2.Final/hibernate-core-6.2.2.Final.jar:/Users/ChrisYoo/.m2/repository/jakarta/persistence/jakarta.persistence-api/3.1.0/jakarta.persistence-api-3.1.0.jar:/Users/ChrisYoo/.m2/repository/jakarta/transaction/jakarta.transaction-api/2.0.1/jakarta.transaction-api-2.0.1.jar:/Users/ChrisYoo/.m2/repository/org/jboss/logging/jboss-logging/3.5.0.Final/jboss-logging-3.5.0.Final.jar:/Users/ChrisYoo/.m2/repository/org/hibernate/common/hibernate-commons-annotations/6.0.6.Final/hibernate-commons-annotations-6.0.6.Final.jar:/Users/ChrisYoo/.m2/repository/io/smallrye/jandex/3.0.5/jandex-3.0.5.jar:/Users/ChrisYoo/.m2/repository/com/fasterxml/classmate/1.5.1/classmate-1.5.1.jar:/Users/ChrisYoo/.m2/repository/net/bytebuddy/byte-buddy/1.14.4/byte-buddy-1.14.4.jar:/Users/ChrisYoo/.m2/repository/org/glassfish/jaxb/jaxb-runtime/4.0.2/jaxb-runtime-4.0.2.jar:/Users/ChrisYoo/.m2/repository/org/glassfish/jaxb/jaxb-core/4.0.2/jaxb-core-4.0.2.jar:/Users/ChrisYoo/.m2/repository/org/eclipse/angus/angus-activation/2.0.0/angus-activation-2.0.0.jar:/Users/ChrisYoo/.m2/repository/org/glassfish/jaxb/txw2/4.0.2/txw2-4.0.2.jar:/Users/ChrisYoo/.m2/repository/com/sun/istack/istack-commons-runtime/4.1.1/istack-commons-runtime-4.1.1.jar:/Users/ChrisYoo/.m2/repository/jakarta/inject/jakarta.inject-api/2.0.1/jakarta.inject-api-2.0.1.jar:/Users/ChrisYoo/.m2/repository/org/antlr/antlr4-runtime/4.10.1/antlr4-runtime-4.10.1.jar:/Users/ChrisYoo/.m2/repository/org/springframework/data/spring-data-jpa/3.1.0/spring-data-jpa-3.1.0.jar:/Users/ChrisYoo/.m2/repository/org/springframework/data/spring-data-commons/3.1.0/spring-data-commons-3.1.0.jar:/Users/ChrisYoo/.m2/repository/org/springframework/spring-orm/6.0.9/spring-orm-6.0.9.jar:/Users/ChrisYoo/.m2/repository/org/springframework/spring-aspects/6.0.9/spring-aspects-6.0.9.jar:/Users/ChrisYoo/.m2/repository/org/postgresql/postgresql/42.6.0/postgresql-42.6.0.jar:/Users/ChrisYoo/.m2/repository/org/checkerframework/checker-qual/3.31.0/checker-qual-3.31.0.jar:/Users/ChrisYoo/.m2/repository/org/springframework/boot/spring-boot-starter-actuator/3.1.0/spring-boot-starter-actuator-3.1.0.jar:/Users/ChrisYoo/.m2/repository/org/springframework/boot/spring-boot-actuator-autoconfigure/3.1.0/spring-boot-actuator-autoconfigure-3.1.0.jar:/Users/ChrisYoo/.m2/repository/org/springframework/boot/spring-boot-actuator/3.1.0/spring-boot-actuator-3.1.0.jar:/Users/ChrisYoo/.m2/repository/io/micrometer/micrometer-core/1.11.0/micrometer-core-1.11.0.jar:/Users/ChrisYoo/.m2/repository/org/hdrhistogram/HdrHistogram/2.1.12/HdrHistogram-2.1.12.jar:/Users/ChrisYoo/.m2/repository/org/latencyutils/LatencyUtils/2.0.3/LatencyUtils-2.0.3.jar:/Users/ChrisYoo/.m2/repository/io/micrometer/micrometer-observation/1.11.0/micrometer-observation-1.11.0.jar:/Users/ChrisYoo/.m2/repository/io/micrometer/micrometer-commons/1.11.0/micrometer-commons-1.11.0.jar:/Users/ChrisYoo/.m2/repository/io/micrometer/micrometer-tracing-bridge-brave/1.1.1/micrometer-tracing-bridge-brave-1.1.1.jar:/Users/ChrisYoo/.m2/repository/io/micrometer/micrometer-tracing/1.1.1/micrometer-tracing-1.1.1.jar:/Users/ChrisYoo/.m2/repository/io/micrometer/context-propagation/1.0.2/context-propagation-1.0.2.jar:/Users/ChrisYoo/.m2/repository/aopalliance/aopalliance/1.0/aopalliance-1.0.jar:/Users/ChrisYoo/.m2/repository/org/slf4j/slf4j-api/2.0.7/slf4j-api-2.0.7.jar:/Users/ChrisYoo/.m2/repository/io/zipkin/brave/brave/5.15.1/brave-5.15.1.jar:/Users/ChrisYoo/.m2/repository/io/zipkin/brave/brave-context-slf4j/5.15.1/brave-context-slf4j-5.15.1.jar:/Users/ChrisYoo/.m2/repository/io/zipkin/brave/brave-instrumentation-http/5.15.1/brave-instrumentation-http-5.15.1.jar:/Users/ChrisYoo/.m2/repository/io/zipkin/aws/brave-propagation-aws/0.23.4/brave-propagation-aws-0.23.4.jar:/Users/ChrisYoo/.m2/repository/io/zipkin/reporter2/zipkin-reporter-brave/2.16.3/zipkin-reporter-brave-2.16.3.jar:/Users/ChrisYoo/.m2/repository/io/zipkin/reporter2/zipkin-reporter/2.16.3/zipkin-reporter-2.16.3.jar:/Users/ChrisYoo/.m2/repository/io/zipkin/zipkin2/zipkin/2.23.2/zipkin-2.23.2.jar:/Users/ChrisYoo/.m2/repository/org/springframework/kafka/spring-kafka/3.0.7/spring-kafka-3.0.7.jar:/Users/ChrisYoo/.m2/repository/org/springframework/spring-context/6.0.9/spring-context-6.0.9.jar:/Users/ChrisYoo/.m2/repository/org/springframework/spring-messaging/6.0.9/spring-messaging-6.0.9.jar:/Users/ChrisYoo/.m2/repository/org/springframework/spring-tx/6.0.9/spring-tx-6.0.9.jar:/Users/ChrisYoo/.m2/repository/org/springframework/retry/spring-retry/2.0.1/spring-retry-2.0.1.jar:/Users/ChrisYoo/.m2/repository/org/apache/kafka/kafka-clients/3.4.0/kafka-clients-3.4.0.jar:/Users/ChrisYoo/.m2/repository/com/github/luben/zstd-jni/1.5.2-1/zstd-jni-1.5.2-1.jar:/Users/ChrisYoo/.m2/repository/org/lz4/lz4-java/1.8.0/lz4-java-1.8.0.jar:/Users/ChrisYoo/.m2/repository/org/xerial/snappy/snappy-java/1.1.8.4/snappy-java-1.1.8.4.jar:/Users/ChrisYoo/.m2/repository/com/google/code/findbugs/jsr305/3.0.2/jsr305-3.0.2.jar:/Users/ChrisYoo/.m2/repository/org/springframework/kafka/spring-kafka-test/3.0.7/spring-kafka-test-3.0.7.jar:/Users/ChrisYoo/.m2/repository/org/springframework/spring-test/6.0.9/spring-test-6.0.9.jar:/Users/ChrisYoo/.m2/repository/org/apache/zookeeper/zookeeper/3.6.3/zookeeper-3.6.3.jar:/Users/ChrisYoo/.m2/repository/org/apache/zookeeper/zookeeper-jute/3.6.3/zookeeper-jute-3.6.3.jar:/Users/ChrisYoo/.m2/repository/org/apache/yetus/audience-annotations/0.5.0/audience-annotations-0.5.0.jar:/Users/ChrisYoo/.m2/repository/io/netty/netty-handler/4.1.92.Final/netty-handler-4.1.92.Final.jar:/Users/ChrisYoo/.m2/repository/io/netty/netty-common/4.1.92.Final/netty-common-4.1.92.Final.jar:/Users/ChrisYoo/.m2/repository/io/netty/netty-resolver/4.1.92.Final/netty-resolver-4.1.92.Final.jar:/Users/ChrisYoo/.m2/repository/io/netty/netty-buffer/4.1.92.Final/netty-buffer-4.1.92.Final.jar:/Users/ChrisYoo/.m2/repository/io/netty/netty-transport/4.1.92.Final/netty-transport-4.1.92.Final.jar:/Users/ChrisYoo/.m2/repository/io/netty/netty-transport-native-unix-common/4.1.92.Final/netty-transport-native-unix-common-4.1.92.Final.jar:/Users/ChrisYoo/.m2/repository/io/netty/netty-codec/4.1.92.Final/netty-codec-4.1.92.Final.jar:/Users/ChrisYoo/.m2/repository/io/netty/netty-transport-native-epoll/4.1.92.Final/netty-transport-native-epoll-4.1.92.Final.jar:/Users/ChrisYoo/.m2/repository/io/netty/netty-transport-classes-epoll/4.1.92.Final/netty-transport-classes-epoll-4.1.92.Final.jar:/Users/ChrisYoo/.m2/repository/org/apache/kafka/kafka-clients/3.4.0/kafka-clients-3.4.0-test.jar:/Users/ChrisYoo/.m2/repository/org/apache/kafka/kafka-metadata/3.4.0/kafka-metadata-3.4.0.jar:/Users/ChrisYoo/.m2/repository/org/apache/kafka/kafka-server-common/3.4.0/kafka-server-common-3.4.0.jar:/Users/ChrisYoo/.m2/repository/org/apache/kafka/kafka-raft/3.4.0/kafka-raft-3.4.0.jar:/Users/ChrisYoo/.m2/repository/com/yammer/metrics/metrics-core/2.2.0/metrics-core-2.2.0.jar:/Users/ChrisYoo/.m2/repository/org/apache/kafka/kafka-streams-test-utils/3.4.0/kafka-streams-test-utils-3.4.0.jar:/Users/ChrisYoo/.m2/repository/org/apache/kafka/kafka-streams/3.4.0/kafka-streams-3.4.0.jar:/Users/ChrisYoo/.m2/repository/org/rocksdb/rocksdbjni/7.1.2/rocksdbjni-7.1.2.jar:/Users/ChrisYoo/.m2/repository/org/apache/kafka/kafka_2.13/3.4.0/kafka_2.13-3.4.0.jar:/Users/ChrisYoo/.m2/repository/org/scala-lang/scala-library/2.13.10/scala-library-2.13.10.jar:/Users/ChrisYoo/.m2/repository/org/apache/kafka/kafka-group-coordinator/3.4.0/kafka-group-coordinator-3.4.0.jar:/Users/ChrisYoo/.m2/repository/org/apache/kafka/kafka-storage/3.4.0/kafka-storage-3.4.0.jar:/Users/ChrisYoo/.m2/repository/org/apache/kafka/kafka-storage-api/3.4.0/kafka-storage-api-3.4.0.jar:/Users/ChrisYoo/.m2/repository/net/sourceforge/argparse4j/argparse4j/0.7.0/argparse4j-0.7.0.jar:/Users/ChrisYoo/.m2/repository/com/fasterxml/jackson/module/jackson-module-scala_2.13/2.15.0/jackson-module-scala_2.13-2.15.0.jar:/Users/ChrisYoo/.m2/repository/com/thoughtworks/paranamer/paranamer/2.8/paranamer-2.8.jar:/Users/ChrisYoo/.m2/repository/com/fasterxml/jackson/dataformat/jackson-dataformat-csv/2.15.0/jackson-dataformat-csv-2.15.0.jar:/Users/ChrisYoo/.m2/repository/net/sf/jopt-simple/jopt-simple/5.0.4/jopt-simple-5.0.4.jar:/Users/ChrisYoo/.m2/repository/org/bitbucket/b_c/jose4j/0.7.9/jose4j-0.7.9.jar:/Users/ChrisYoo/.m2/repository/org/scala-lang/modules/scala-collection-compat_2.13/2.6.0/scala-collection-compat_2.13-2.6.0.jar:/Users/ChrisYoo/.m2/repository/org/scala-lang/modules/scala-java8-compat_2.13/1.0.2/scala-java8-compat_2.13-1.0.2.jar:/Users/ChrisYoo/.m2/repository/org/scala-lang/scala-reflect/2.13.10/scala-reflect-2.13.10.jar:/Users/ChrisYoo/.m2/repository/com/typesafe/scala-logging/scala-logging_2.13/3.9.4/scala-logging_2.13-3.9.4.jar:/Users/ChrisYoo/.m2/repository/io/dropwizard/metrics/metrics-core/4.2.18/metrics-core-4.2.18.jar:/Users/ChrisYoo/.m2/repository/commons-cli/commons-cli/1.4/commons-cli-1.4.jar:/Users/ChrisYoo/.m2/repository/org/apache/kafka/kafka_2.13/3.4.0/kafka_2.13-3.4.0-test.jar:/Users/ChrisYoo/.m2/repository/org/junit/jupiter/junit-jupiter-api/5.9.3/junit-jupiter-api-5.9.3.jar:/Users/ChrisYoo/.m2/repository/org/opentest4j/opentest4j/1.2.0/opentest4j-1.2.0.jar:/Users/ChrisYoo/.m2/repository/org/junit/platform/junit-platform-commons/1.9.3/junit-platform-commons-1.9.3.jar:/Users/ChrisYoo/.m2/repository/org/apiguardian/apiguardian-api/1.1.2/apiguardian-api-1.1.2.jar:/Users/ChrisYoo/.m2/repository/org/junit/platform/junit-platform-launcher/1.9.3/junit-platform-launcher-1.9.3.jar:/Users/ChrisYoo/.m2/repository/org/junit/platform/junit-platform-engine/1.9.3/junit-platform-engine-1.9.3.jar:/Users/ChrisYoo/.m2/repository/com/h2database/h2/2.1.214/h2-2.1.214.jar:/Users/ChrisYoo/.m2/repository/org/projectlombok/lombok/1.18.28/lombok-1.18.28.jar:/Users/ChrisYoo/.m2/repository/org/springframework/boot/spring-boot-starter-test/3.1.0/spring-boot-starter-test-3.1.0.jar:/Users/ChrisYoo/.m2/repository/org/springframework/boot/spring-boot-test/3.1.0/spring-boot-test-3.1.0.jar:/Users/ChrisYoo/.m2/repository/org/springframework/boot/spring-boot-test-autoconfigure/3.1.0/spring-boot-test-autoconfigure-3.1.0.jar:/Users/ChrisYoo/.m2/repository/com/jayway/jsonpath/json-path/2.8.0/json-path-2.8.0.jar:/Users/ChrisYoo/.m2/repository/jakarta/xml/bind/jakarta.xml.bind-api/4.0.0/jakarta.xml.bind-api-4.0.0.jar:/Users/ChrisYoo/.m2/repository/jakarta/activation/jakarta.activation-api/2.1.2/jakarta.activation-api-2.1.2.jar:/Users/ChrisYoo/.m2/repository/net/minidev/json-smart/2.4.10/json-smart-2.4.10.jar:/Users/ChrisYoo/.m2/repository/net/minidev/accessors-smart/2.4.9/accessors-smart-2.4.9.jar:/Users/ChrisYoo/.m2/repository/org/ow2/asm/asm/9.3/asm-9.3.jar:/Users/ChrisYoo/.m2/repository/org/assertj/assertj-core/3.24.2/assertj-core-3.24.2.jar:/Users/ChrisYoo/.m2/repository/org/hamcrest/hamcrest/2.2/hamcrest-2.2.jar:/Users/ChrisYoo/.m2/repository/org/junit/jupiter/junit-jupiter/5.9.3/junit-jupiter-5.9.3.jar:/Users/ChrisYoo/.m2/repository/org/junit/jupiter/junit-jupiter-params/5.9.3/junit-jupiter-params-5.9.3.jar:/Users/ChrisYoo/.m2/repository/org/junit/jupiter/junit-jupiter-engine/5.9.3/junit-jupiter-engine-5.9.3.jar:/Users/ChrisYoo/.m2/repository/org/mockito/mockito-core/5.3.1/mockito-core-5.3.1.jar:/Users/ChrisYoo/.m2/repository/net/bytebuddy/byte-buddy-agent/1.14.4/byte-buddy-agent-1.14.4.jar:/Users/ChrisYoo/.m2/repository/org/objenesis/objenesis/3.3/objenesis-3.3.jar:/Users/ChrisYoo/.m2/repository/org/mockito/mockito-junit-jupiter/5.3.1/mockito-junit-jupiter-5.3.1.jar:/Users/ChrisYoo/.m2/repository/org/skyscreamer/jsonassert/1.5.1/jsonassert-1.5.1.jar:/Users/ChrisYoo/.m2/repository/com/vaadin/external/google/android-json/0.0.20131108.vaadin1/android-json-0.0.20131108.vaadin1.jar:/Users/ChrisYoo/.m2/repository/org/springframework/spring-core/6.0.9/spring-core-6.0.9.jar:/Users/ChrisYoo/.m2/repository/org/springframework/spring-jcl/6.0.9/spring-jcl-6.0.9.jar:/Users/ChrisYoo/.m2/repository/org/xmlunit/xmlunit-core/2.9.1/xmlunit-core-2.9.1.jar:"/>
    <property name="java.vm.vendor" value="Amazon.com Inc."/>
    <property name="sun.arch.data.model" value="64"/>
    <property name="java.vendor.url" value="https://aws.amazon.com/corretto/"/>
    <property name="user.timezone" value="America/New_York"/>
    <property name="org.jboss.logging.provider" value="slf4j"/>
    <property name="os.name" value="Mac OS X"/>
    <property name="java.vm.specification.version" value="17"/>
    <property name="sun.java.launcher" value="SUN_STANDARD"/>
    <property name="user.country" value="US"/>
    <property name="sun.boot.library.path" value="/Users/ChrisYoo/Library/Java/JavaVirtualMachines/corretto-17.0.8/Contents/Home/lib"/>
    <property name="sun.java.command" value="/Users/ChrisYoo/Desktop/REFERENCE/SoftwareProjects/Portfolio/pp-microservices/backend/guest/target/surefire/surefirebooter-20240723002537979_3.jar /Users/ChrisYoo/Desktop/REFERENCE/SoftwareProjects/Portfolio/pp-microservices/backend/guest/target/surefire 2024-07-23T00-25-37_882-jvmRun1 surefire-20240723002537979_1tmp surefire_0-20240723002537979_2tmp"/>
    <property name="http.nonProxyHosts" value="localhost|*.localhost|169.254/16|*.169.254/16|freedom.to|*.freedom.to|freedom.to|*.freedom.to|127.0.0.1|local|*.local"/>
    <property name="jdk.debug" value="release"/>
    <property name="surefire.test.class.path" value="/Users/ChrisYoo/Desktop/REFERENCE/SoftwareProjects/Portfolio/pp-microservices/backend/guest/target/test-classes:/Users/ChrisYoo/Desktop/REFERENCE/SoftwareProjects/Portfolio/pp-microservices/backend/guest/target/classes:/Users/ChrisYoo/.m2/repository/org/springframework/boot/spring-boot-starter-web/3.1.0/spring-boot-starter-web-3.1.0.jar:/Users/ChrisYoo/.m2/repository/org/springframework/boot/spring-boot-starter/3.1.0/spring-boot-starter-3.1.0.jar:/Users/ChrisYoo/.m2/repository/org/springframework/boot/spring-boot/3.1.0/spring-boot-3.1.0.jar:/Users/ChrisYoo/.m2/repository/org/springframework/boot/spring-boot-autoconfigure/3.1.0/spring-boot-autoconfigure-3.1.0.jar:/Users/ChrisYoo/.m2/repository/org/springframework/boot/spring-boot-starter-logging/3.1.0/spring-boot-starter-logging-3.1.0.jar:/Users/ChrisYoo/.m2/repository/ch/qos/logback/logback-classic/1.4.7/logback-classic-1.4.7.jar:/Users/ChrisYoo/.m2/repository/ch/qos/logback/logback-core/1.4.7/logback-core-1.4.7.jar:/Users/ChrisYoo/.m2/repository/org/apache/logging/log4j/log4j-to-slf4j/2.20.0/log4j-to-slf4j-2.20.0.jar:/Users/ChrisYoo/.m2/repository/org/apache/logging/log4j/log4j-api/2.20.0/log4j-api-2.20.0.jar:/Users/ChrisYoo/.m2/repository/org/slf4j/jul-to-slf4j/2.0.7/jul-to-slf4j-2.0.7.jar:/Users/ChrisYoo/.m2/repository/jakarta/annotation/jakarta.annotation-api/2.1.1/jakarta.annotation-api-2.1.1.jar:/Users/ChrisYoo/.m2/repository/org/yaml/snakeyaml/1.33/snakeyaml-1.33.jar:/Users/ChrisYoo/.m2/repository/org/springframework/boot/spring-boot-starter-json/3.1.0/spring-boot-starter-json-3.1.0.jar:/Users/ChrisYoo/.m2/repository/com/fasterxml/jackson/core/jackson-databind/2.15.0/jackson-databind-2.15.0.jar:/Users/ChrisYoo/.m2/repository/com/fasterxml/jackson/core/jackson-annotations/2.15.0/jackson-annotations-2.15.0.jar:/Users/ChrisYoo/.m2/repository/com/fasterxml/jackson/core/jackson-core/2.15.0/jackson-core-2.15.0.jar:/Users/ChrisYoo/.m2/repository/com/fasterxml/jackson/datatype/jackson-datatype-jdk8/2.15.0/jackson-datatype-jdk8-2.15.0.jar:/Users/ChrisYoo/.m2/repository/com/fasterxml/jackson/datatype/jackson-datatype-jsr310/2.15.0/jackson-datatype-jsr310-2.15.0.jar:/Users/ChrisYoo/.m2/repository/com/fasterxml/jackson/module/jackson-module-parameter-names/2.15.0/jackson-module-parameter-names-2.15.0.jar:/Users/ChrisYoo/.m2/repository/org/springframework/boot/spring-boot-starter-tomcat/3.1.0/spring-boot-starter-tomcat-3.1.0.jar:/Users/ChrisYoo/.m2/repository/org/apache/tomcat/embed/tomcat-embed-core/10.1.8/tomcat-embed-core-10.1.8.jar:/Users/ChrisYoo/.m2/repository/org/apache/tomcat/embed/tomcat-embed-el/10.1.8/tomcat-embed-el-10.1.8.jar:/Users/ChrisYoo/.m2/repository/org/apache/tomcat/embed/tomcat-embed-websocket/10.1.8/tomcat-embed-websocket-10.1.8.jar:/Users/ChrisYoo/.m2/repository/org/springframework/spring-web/6.0.9/spring-web-6.0.9.jar:/Users/ChrisYoo/.m2/repository/org/springframework/spring-beans/6.0.9/spring-beans-6.0.9.jar:/Users/ChrisYoo/.m2/repository/org/springframework/spring-webmvc/6.0.9/spring-webmvc-6.0.9.jar:/Users/ChrisYoo/.m2/repository/org/springframework/spring-aop/6.0.9/spring-aop-6.0.9.jar:/Users/ChrisYoo/.m2/repository/org/springframework/spring-expression/6.0.9/spring-expression-6.0.9.jar:/Users/ChrisYoo/.m2/repository/org/springframework/boot/spring-boot-starter-data-jpa/3.1.0/spring-boot-starter-data-jpa-3.1.0.jar:/Users/ChrisYoo/.m2/repository/org/springframework/boot/spring-boot-starter-aop/3.1.0/spring-boot-starter-aop-3.1.0.jar:/Users/ChrisYoo/.m2/repository/org/aspectj/aspectjweaver/1.9.19/aspectjweaver-1.9.19.jar:/Users/ChrisYoo/.m2/repository/org/springframework/boot/spring-boot-starter-jdbc/3.1.0/spring-boot-starter-jdbc-3.1.0.jar:/Users/ChrisYoo/.m2/repository/com/zaxxer/HikariCP/5.0.1/HikariCP-5.0.1.jar:/Users/ChrisYoo/.m2/repository/org/springframework/spring-jdbc/6.0.9/spring-jdbc-6.0.9.jar:/Users/ChrisYoo/.m2/repository/org/hibernate/orm/hibernate-core/6.2.2.Final/hibernate-core-6.2.2.Final.jar:/Users/ChrisYoo/.m2/repository/jakarta/persistence/jakarta.persistence-api/3.1.0/jakarta.persistence-api-3.1.0.jar:/Users/ChrisYoo/.m2/repository/jakarta/transaction/jakarta.transaction-api/2.0.1/jakarta.transaction-api-2.0.1.jar:/Users/ChrisYoo/.m2/repository/org/jboss/logging/jboss-logging/3.5.0.Final/jboss-logging-3.5.0.Final.jar:/Users/ChrisYoo/.m2/repository/org/hibernate/common/hibernate-commons-annotations/6.0.6.Final/hibernate-commons-annotations-6.0.6.Final.jar:/Users/ChrisYoo/.m2/repository/io/smallrye/jandex/3.0.5/jandex-3.0.5.jar:/Users/ChrisYoo/.m2/repository/com/fasterxml/classmate/1.5.1/classmate-1.5.1.jar:/Users/ChrisYoo/.m2/repository/net/bytebuddy/byte-buddy/1.14.4/byte-buddy-1.14.4.jar:/Users/ChrisYoo/.m2/repository/org/glassfish/jaxb/jaxb-runtime/4.0.2/jaxb-runtime-4.0.2.jar:/Users/ChrisYoo/.m2/repository/org/glassfish/jaxb/jaxb-core/4.0.2/jaxb-core-4.0.2.jar:/Users/ChrisYoo/.m2/repository/org/eclipse/angus/angus-activation/2.0.0/angus-activation-2.0.0.jar:/Users/ChrisYoo/.m2/repository/org/glassfish/jaxb/txw2/4.0.2/txw2-4.0.2.jar:/Users/ChrisYoo/.m2/repository/com/sun/istack/istack-commons-runtime/4.1.1/istack-commons-runtime-4.1.1.jar:/Users/ChrisYoo/.m2/repository/jakarta/inject/jakarta.inject-api/2.0.1/jakarta.inject-api-2.0.1.jar:/Users/ChrisYoo/.m2/repository/org/antlr/antlr4-runtime/4.10.1/antlr4-runtime-4.10.1.jar:/Users/ChrisYoo/.m2/repository/org/springframework/data/spring-data-jpa/3.1.0/spring-data-jpa-3.1.0.jar:/Users/ChrisYoo/.m2/repository/org/springframework/data/spring-data-commons/3.1.0/spring-data-commons-3.1.0.jar:/Users/ChrisYoo/.m2/repository/org/springframework/spring-orm/6.0.9/spring-orm-6.0.9.jar:/Users/ChrisYoo/.m2/repository/org/springframework/spring-aspects/6.0.9/spring-aspects-6.0.9.jar:/Users/ChrisYoo/.m2/repository/org/postgresql/postgresql/42.6.0/postgresql-42.6.0.jar:/Users/ChrisYoo/.m2/repository/org/checkerframework/checker-qual/3.31.0/checker-qual-3.31.0.jar:/Users/ChrisYoo/.m2/repository/org/springframework/boot/spring-boot-starter-actuator/3.1.0/spring-boot-starter-actuator-3.1.0.jar:/Users/ChrisYoo/.m2/repository/org/springframework/boot/spring-boot-actuator-autoconfigure/3.1.0/spring-boot-actuator-autoconfigure-3.1.0.jar:/Users/ChrisYoo/.m2/repository/org/springframework/boot/spring-boot-actuator/3.1.0/spring-boot-actuator-3.1.0.jar:/Users/ChrisYoo/.m2/repository/io/micrometer/micrometer-core/1.11.0/micrometer-core-1.11.0.jar:/Users/ChrisYoo/.m2/repository/org/hdrhistogram/HdrHistogram/2.1.12/HdrHistogram-2.1.12.jar:/Users/ChrisYoo/.m2/repository/org/latencyutils/LatencyUtils/2.0.3/LatencyUtils-2.0.3.jar:/Users/ChrisYoo/.m2/repository/io/micrometer/micrometer-observation/1.11.0/micrometer-observation-1.11.0.jar:/Users/ChrisYoo/.m2/repository/io/micrometer/micrometer-commons/1.11.0/micrometer-commons-1.11.0.jar:/Users/ChrisYoo/.m2/repository/io/micrometer/micrometer-tracing-bridge-brave/1.1.1/micrometer-tracing-bridge-brave-1.1.1.jar:/Users/ChrisYoo/.m2/repository/io/micrometer/micrometer-tracing/1.1.1/micrometer-tracing-1.1.1.jar:/Users/ChrisYoo/.m2/repository/io/micrometer/context-propagation/1.0.2/context-propagation-1.0.2.jar:/Users/ChrisYoo/.m2/repository/aopalliance/aopalliance/1.0/aopalliance-1.0.jar:/Users/ChrisYoo/.m2/repository/org/slf4j/slf4j-api/2.0.7/slf4j-api-2.0.7.jar:/Users/ChrisYoo/.m2/repository/io/zipkin/brave/brave/5.15.1/brave-5.15.1.jar:/Users/ChrisYoo/.m2/repository/io/zipkin/brave/brave-context-slf4j/5.15.1/brave-context-slf4j-5.15.1.jar:/Users/ChrisYoo/.m2/repository/io/zipkin/brave/brave-instrumentation-http/5.15.1/brave-instrumentation-http-5.15.1.jar:/Users/ChrisYoo/.m2/repository/io/zipkin/aws/brave-propagation-aws/0.23.4/brave-propagation-aws-0.23.4.jar:/Users/ChrisYoo/.m2/repository/io/zipkin/reporter2/zipkin-reporter-brave/2.16.3/zipkin-reporter-brave-2.16.3.jar:/Users/ChrisYoo/.m2/repository/io/zipkin/reporter2/zipkin-reporter/2.16.3/zipkin-reporter-2.16.3.jar:/Users/ChrisYoo/.m2/repository/io/zipkin/zipkin2/zipkin/2.23.2/zipkin-2.23.2.jar:/Users/ChrisYoo/.m2/repository/org/springframework/kafka/spring-kafka/3.0.7/spring-kafka-3.0.7.jar:/Users/ChrisYoo/.m2/repository/org/springframework/spring-context/6.0.9/spring-context-6.0.9.jar:/Users/ChrisYoo/.m2/repository/org/springframework/spring-messaging/6.0.9/spring-messaging-6.0.9.jar:/Users/ChrisYoo/.m2/repository/org/springframework/spring-tx/6.0.9/spring-tx-6.0.9.jar:/Users/ChrisYoo/.m2/repository/org/springframework/retry/spring-retry/2.0.1/spring-retry-2.0.1.jar:/Users/ChrisYoo/.m2/repository/org/apache/kafka/kafka-clients/3.4.0/kafka-clients-3.4.0.jar:/Users/ChrisYoo/.m2/repository/com/github/luben/zstd-jni/1.5.2-1/zstd-jni-1.5.2-1.jar:/Users/ChrisYoo/.m2/repository/org/lz4/lz4-java/1.8.0/lz4-java-1.8.0.jar:/Users/ChrisYoo/.m2/repository/org/xerial/snappy/snappy-java/1.1.8.4/snappy-java-1.1.8.4.jar:/Users/ChrisYoo/.m2/repository/com/google/code/findbugs/jsr305/3.0.2/jsr305-3.0.2.jar:/Users/ChrisYoo/.m2/repository/org/springframework/kafka/spring-kafka-test/3.0.7/spring-kafka-test-3.0.7.jar:/Users/ChrisYoo/.m2/repository/org/springframework/spring-test/6.0.9/spring-test-6.0.9.jar:/Users/ChrisYoo/.m2/repository/org/apache/zookeeper/zookeeper/3.6.3/zookeeper-3.6.3.jar:/Users/ChrisYoo/.m2/repository/org/apache/zookeeper/zookeeper-jute/3.6.3/zookeeper-jute-3.6.3.jar:/Users/ChrisYoo/.m2/repository/org/apache/yetus/audience-annotations/0.5.0/audience-annotations-0.5.0.jar:/Users/ChrisYoo/.m2/repository/io/netty/netty-handler/4.1.92.Final/netty-handler-4.1.92.Final.jar:/Users/ChrisYoo/.m2/repository/io/netty/netty-common/4.1.92.Final/netty-common-4.1.92.Final.jar:/Users/ChrisYoo/.m2/repository/io/netty/netty-resolver/4.1.92.Final/netty-resolver-4.1.92.Final.jar:/Users/ChrisYoo/.m2/repository/io/netty/netty-buffer/4.1.92.Final/netty-buffer-4.1.92.Final.jar:/Users/ChrisYoo/.m2/repository/io/netty/netty-transport/4.1.92.Final/netty-transport-4.1.92.Final.jar:/Users/ChrisYoo/.m2/repository/io/netty/netty-transport-native-unix-common/4.1.92.Final/netty-transport-native-unix-common-4.1.92.Final.jar:/Users/ChrisYoo/.m2/repository/io/netty/netty-codec/4.1.92.Final/netty-codec-4.1.92.Final.jar:/Users/ChrisYoo/.m2/repository/io/netty/netty-transport-native-epoll/4.1.92.Final/netty-transport-native-epoll-4.1.92.Final.jar:/Users/ChrisYoo/.m2/repository/io/netty/netty-transport-classes-epoll/4.1.92.Final/netty-transport-classes-epoll-4.1.92.Final.jar:/Users/ChrisYoo/.m2/repository/org/apache/kafka/kafka-clients/3.4.0/kafka-clients-3.4.0-test.jar:/Users/ChrisYoo/.m2/repository/org/apache/kafka/kafka-metadata/3.4.0/kafka-metadata-3.4.0.jar:/Users/ChrisYoo/.m2/repository/org/apache/kafka/kafka-server-common/3.4.0/kafka-server-common-3.4.0.jar:/Users/ChrisYoo/.m2/repository/org/apache/kafka/kafka-raft/3.4.0/kafka-raft-3.4.0.jar:/Users/ChrisYoo/.m2/repository/com/yammer/metrics/metrics-core/2.2.0/metrics-core-2.2.0.jar:/Users/ChrisYoo/.m2/repository/org/apache/kafka/kafka-streams-test-utils/3.4.0/kafka-streams-test-utils-3.4.0.jar:/Users/ChrisYoo/.m2/repository/org/apache/kafka/kafka-streams/3.4.0/kafka-streams-3.4.0.jar:/Users/ChrisYoo/.m2/repository/org/rocksdb/rocksdbjni/7.1.2/rocksdbjni-7.1.2.jar:/Users/ChrisYoo/.m2/repository/org/apache/kafka/kafka_2.13/3.4.0/kafka_2.13-3.4.0.jar:/Users/ChrisYoo/.m2/repository/org/scala-lang/scala-library/2.13.10/scala-library-2.13.10.jar:/Users/ChrisYoo/.m2/repository/org/apache/kafka/kafka-group-coordinator/3.4.0/kafka-group-coordinator-3.4.0.jar:/Users/ChrisYoo/.m2/repository/org/apache/kafka/kafka-storage/3.4.0/kafka-storage-3.4.0.jar:/Users/ChrisYoo/.m2/repository/org/apache/kafka/kafka-storage-api/3.4.0/kafka-storage-api-3.4.0.jar:/Users/ChrisYoo/.m2/repository/net/sourceforge/argparse4j/argparse4j/0.7.0/argparse4j-0.7.0.jar:/Users/ChrisYoo/.m2/repository/com/fasterxml/jackson/module/jackson-module-scala_2.13/2.15.0/jackson-module-scala_2.13-2.15.0.jar:/Users/ChrisYoo/.m2/repository/com/thoughtworks/paranamer/paranamer/2.8/paranamer-2.8.jar:/Users/ChrisYoo/.m2/repository/com/fasterxml/jackson/dataformat/jackson-dataformat-csv/2.15.0/jackson-dataformat-csv-2.15.0.jar:/Users/ChrisYoo/.m2/repository/net/sf/jopt-simple/jopt-simple/5.0.4/jopt-simple-5.0.4.jar:/Users/ChrisYoo/.m2/repository/org/bitbucket/b_c/jose4j/0.7.9/jose4j-0.7.9.jar:/Users/ChrisYoo/.m2/repository/org/scala-lang/modules/scala-collection-compat_2.13/2.6.0/scala-collection-compat_2.13-2.6.0.jar:/Users/ChrisYoo/.m2/repository/org/scala-lang/modules/scala-java8-compat_2.13/1.0.2/scala-java8-compat_2.13-1.0.2.jar:/Users/ChrisYoo/.m2/repository/org/scala-lang/scala-reflect/2.13.10/scala-reflect-2.13.10.jar:/Users/ChrisYoo/.m2/repository/com/typesafe/scala-logging/scala-logging_2.13/3.9.4/scala-logging_2.13-3.9.4.jar:/Users/ChrisYoo/.m2/repository/io/dropwizard/metrics/metrics-core/4.2.18/metrics-core-4.2.18.jar:/Users/ChrisYoo/.m2/repository/commons-cli/commons-cli/1.4/commons-cli-1.4.jar:/Users/ChrisYoo/.m2/repository/org/apache/kafka/kafka_2.13/3.4.0/kafka_2.13-3.4.0-test.jar:/Users/ChrisYoo/.m2/repository/org/junit/jupiter/junit-jupiter-api/5.9.3/junit-jupiter-api-5.9.3.jar:/Users/ChrisYoo/.m2/repository/org/opentest4j/opentest4j/1.2.0/opentest4j-1.2.0.jar:/Users/ChrisYoo/.m2/repository/org/junit/platform/junit-platform-commons/1.9.3/junit-platform-commons-1.9.3.jar:/Users/ChrisYoo/.m2/repository/org/apiguardian/apiguardian-api/1.1.2/apiguardian-api-1.1.2.jar:/Users/ChrisYoo/.m2/repository/org/junit/platform/junit-platform-launcher/1.9.3/junit-platform-launcher-1.9.3.jar:/Users/ChrisYoo/.m2/repository/org/junit/platform/junit-platform-engine/1.9.3/junit-platform-engine-1.9.3.jar:/Users/ChrisYoo/.m2/repository/com/h2database/h2/2.1.214/h2-2.1.214.jar:/Users/ChrisYoo/.m2/repository/org/projectlombok/lombok/1.18.28/lombok-1.18.28.jar:/Users/ChrisYoo/.m2/repository/org/springframework/boot/spring-boot-starter-test/3.1.0/spring-boot-starter-test-3.1.0.jar:/Users/ChrisYoo/.m2/repository/org/springframework/boot/spring-boot-test/3.1.0/spring-boot-test-3.1.0.jar:/Users/ChrisYoo/.m2/repository/org/springframework/boot/spring-boot-test-autoconfigure/3.1.0/spring-boot-test-autoconfigure-3.1.0.jar:/Users/ChrisYoo/.m2/repository/com/jayway/jsonpath/json-path/2.8.0/json-path-2.8.0.jar:/Users/ChrisYoo/.m2/repository/jakarta/xml/bind/jakarta.xml.bind-api/4.0.0/jakarta.xml.bind-api-4.0.0.jar:/Users/ChrisYoo/.m2/repository/jakarta/activation/jakarta.activation-api/2.1.2/jakarta.activation-api-2.1.2.jar:/Users/ChrisYoo/.m2/repository/net/minidev/json-smart/2.4.10/json-smart-2.4.10.jar:/Users/ChrisYoo/.m2/repository/net/minidev/accessors-smart/2.4.9/accessors-smart-2.4.9.jar:/Users/ChrisYoo/.m2/repository/org/ow2/asm/asm/9.3/asm-9.3.jar:/Users/ChrisYoo/.m2/repository/org/assertj/assertj-core/3.24.2/assertj-core-3.24.2.jar:/Users/ChrisYoo/.m2/repository/org/hamcrest/hamcrest/2.2/hamcrest-2.2.jar:/Users/ChrisYoo/.m2/repository/org/junit/jupiter/junit-jupiter/5.9.3/junit-jupiter-5.9.3.jar:/Users/ChrisYoo/.m2/repository/org/junit/jupiter/junit-jupiter-params/5.9.3/junit-jupiter-params-5.9.3.jar:/Users/ChrisYoo/.m2/repository/org/junit/jupiter/junit-jupiter-engine/5.9.3/junit-jupiter-engine-5.9.3.jar:/Users/ChrisYoo/.m2/repository/org/mockito/mockito-core/5.3.1/mockito-core-5.3.1.jar:/Users/ChrisYoo/.m2/repository/net/bytebuddy/byte-buddy-agent/1.14.4/byte-buddy-agent-1.14.4.jar:/Users/ChrisYoo/.m2/repository/org/objenesis/objenesis/3.3/objenesis-3.3.jar:/Users/ChrisYoo/.m2/repository/org/mockito/mockito-junit-jupiter/5.3.1/mockito-junit-jupiter-5.3.1.jar:/Users/ChrisYoo/.m2/repository/org/skyscreamer/jsonassert/1.5.1/jsonassert-1.5.1.jar:/Users/ChrisYoo/.m2/repository/com/vaadin/external/google/android-json/0.0.20131108.vaadin1/android-json-0.0.20131108.vaadin1.jar:/Users/ChrisYoo/.m2/repository/org/springframework/spring-core/6.0.9/spring-core-6.0.9.jar:/Users/ChrisYoo/.m2/repository/org/springframework/spring-jcl/6.0.9/spring-jcl-6.0.9.jar:/Users/ChrisYoo/.m2/repository/org/xmlunit/xmlunit-core/2.9.1/xmlunit-core-2.9.1.jar:"/>
    <property name="sun.cpu.endian" value="little"/>
    <property name="user.home" value="/Users/ChrisYoo"/>
    <property name="user.language" value="en"/>
    <property name="java.specification.vendor" value="Oracle Corporation"/>
    <property name="java.version.date" value="2023-07-18"/>
    <property name="java.home" value="/Users/ChrisYoo/Library/Java/JavaVirtualMachines/corretto-17.0.8/Contents/Home"/>
    <property name="file.separator" value="/"/>
    <property name="basedir" value="/Users/ChrisYoo/Desktop/REFERENCE/SoftwareProjects/Portfolio/pp-microservices/backend/guest"/>
    <property name="java.vm.compressedOopsMode" value="Zero based"/>
    <property name="line.separator" value="&#10;"/>
    <property name="java.vm.specification.vendor" value="Oracle Corporation"/>
    <property name="java.specification.name" value="Java Platform API Specification"/>
    <property name="FILE_LOG_CHARSET" value="UTF-8"/>
    <property name="java.awt.headless" value="true"/>
    <property name="surefire.real.class.path" value="/Users/ChrisYoo/Desktop/REFERENCE/SoftwareProjects/Portfolio/pp-microservices/backend/guest/target/surefire/surefirebooter-20240723002537979_3.jar"/>
    <property name="sun.management.compiler" value="HotSpot 64-Bit Tiered Compilers"/>
    <property name="ftp.nonProxyHosts" value="localhost|*.localhost|169.254/16|*.169.254/16|freedom.to|*.freedom.to|freedom.to|*.freedom.to|127.0.0.1|local|*.local"/>
    <property name="java.runtime.version" value="17.0.8+7-LTS"/>
    <property name="user.name" value="ChrisYoo"/>
    <property name="path.separator" value=":"/>
    <property name="os.version" value="14.5"/>
    <property name="java.runtime.name" value="OpenJDK Runtime Environment"/>
    <property name="file.encoding" value="UTF-8"/>
    <property name="java.vm.name" value="OpenJDK 64-Bit Server VM"/>
    <property name="java.vendor.version" value="Corretto-17.0.8.7.1"/>
    <property name="localRepository" value="/Users/ChrisYoo/.m2/repository"/>
    <property name="java.vendor.url.bug" value="https://github.com/corretto/corretto-17/issues/"/>
    <property name="java.io.tmpdir" value="/var/folders/82/9nvntr750d9fptwhrw71clfc0000gn/T/"/>
    <property name="idea.version" value="2023.2"/>
    <property name="java.version" value="17.0.8"/>
    <property name="user.dir" value="/Users/ChrisYoo/Desktop/REFERENCE/SoftwareProjects/Portfolio/pp-microservices/backend/guest"/>
    <property name="os.arch" value="x86_64"/>
    <property name="java.vm.specification.name" value="Java Virtual Machine Specification"/>
    <property name="PID" value="83217"/>
    <property name="CONSOLE_LOG_CHARSET" value="UTF-8"/>
    <property name="native.encoding" value="UTF-8"/>
    <property name="java.library.path" value="/Users/ChrisYoo/Library/Java/Extensions:/Library/Java/Extensions:/Network/Library/Java/Extensions:/System/Library/Java/Extensions:/usr/lib/java:."/>
    <property name="java.vm.info" value="mixed mode, sharing"/>
    <property name="java.vendor" value="Amazon.com Inc."/>
    <property name="java.vm.version" value="17.0.8+7-LTS"/>
    <property name="sun.io.unicode.encoding" value="UnicodeBig"/>
    <property name="socksNonProxyHosts" value="localhost|*.localhost|169.254/16|*.169.254/16|freedom.to|*.freedom.to|freedom.to|*.freedom.to|127.0.0.1|local|*.local"/>
    <property name="java.class.version" value="61.0"/>
  </properties>
  <testcase name="getSkiResorts" classname="com.chrisyoo.guest.GuestControllerTest" time="0.137">
    <system-out><![CDATA[00:25:38.913 [main] INFO org.springframework.test.context.support.AnnotationConfigContextLoaderUtils -- Could not detect default configuration classes for test class [com.chrisyoo.guest.GuestControllerTest]: GuestControllerTest does not declare any static, non-private, non-final, nested classes annotated with @Configuration.
00:25:39.075 [main] INFO org.springframework.boot.test.context.SpringBootTestContextBootstrapper -- Found @SpringBootConfiguration com.chrisyoo.GuestApplication for test class com.chrisyoo.guest.GuestControllerTest
 ,----.                          ,--.
'  .-./   ,--.,--. ,---.  ,---.,-'  '-.
|  | .---.|  ||  || .-. :(  .-''-.  .-'
'  '--'  |'  ''  '\   --..-'  `) |  |
 `------'  `----'  `----'`----'  `--'
2024-07-23T00:25:39.586-04:00  INFO 83217 --- [           main] com.chrisyoo.guest.GuestControllerTest   : Starting GuestControllerTest using Java 17.0.8 with PID 83217 (started by ChrisYoo in /Users/ChrisYoo/Desktop/REFERENCE/SoftwareProjects/Portfolio/pp-microservices/backend/guest)
2024-07-23T00:25:39.587-04:00  INFO 83217 --- [           main] com.chrisyoo.guest.GuestControllerTest   : No active profile set, falling back to 1 default profile: "default"
2024-07-23T00:25:41.623-04:00  INFO 83217 --- [           main] o.s.b.t.m.w.SpringBootMockServletContext : Initializing Spring TestDispatcherServlet ''
2024-07-23T00:25:41.624-04:00  INFO 83217 --- [           main] o.s.t.web.servlet.TestDispatcherServlet  : Initializing Servlet ''
2024-07-23T00:25:41.629-04:00  INFO 83217 --- [           main] o.s.t.web.servlet.TestDispatcherServlet  : Completed initialization in 1 ms
2024-07-23T00:25:41.662-04:00  INFO 83217 --- [           main] com.chrisyoo.guest.GuestControllerTest   : Started GuestControllerTest in 2.497 seconds (process running for 3.574)
2024-07-23T00:25:41.789-04:00  INFO 83217 --- [           main] com.chrisyoo.guest.GuestController       : get a list of ski resorts
]]></system-out>
  </testcase>
</testsuite>